Determining if the system is big endian passed with the following output:
Change Dir: /home/rifto/bee/CMakeFiles/CMakeTmp

Run Build Command:"/usr/bin/make" "cmTryCompileExec2745086832/fast"
/usr/bin/make -f CMakeFiles/cmTryCompileExec2745086832.dir/build.make CMakeFiles/cmTryCompileExec2745086832.dir/build
make[1]: Entering directory '/home/rifto/bee/CMakeFiles/CMakeTmp'
/usr/bin/cmake -E cmake_progress_report /home/rifto/bee/CMakeFiles/CMakeTmp/CMakeFiles 1
Building C object CMakeFiles/cmTryCompileExec2745086832.dir/TestEndianess.c.o
/usr/bin/cc    -o CMakeFiles/cmTryCompileExec2745086832.dir/TestEndianess.c.o   -c /home/rifto/bee/CMakeFiles/CMakeTmp/TestEndianess.c
Linking C executable cmTryCompileExec2745086832
/usr/bin/cmake -E cmake_link_script CMakeFiles/cmTryCompileExec2745086832.dir/link.txt --verbose=1
/usr/bin/cc       CMakeFiles/cmTryCompileExec2745086832.dir/TestEndianess.c.o  -o cmTryCompileExec2745086832 -rdynamic 
make[1]: Leaving directory '/home/rifto/bee/CMakeFiles/CMakeTmp'

TestEndianess.c:
/* A 16 bit integer is required. */
typedef unsigned short cmakeint16;

/* On a little endian machine, these 16bit ints will give "THIS IS LITTLE ENDIAN."
   On a big endian machine the characters will be exchanged pairwise. */
const cmakeint16 info_little[] =  {0x4854, 0x5349, 0x4920, 0x2053, 0x494c, 0x5454, 0x454c, 0x4520, 0x444e, 0x4149, 0x2e4e, 0x0000};

/* on a big endian machine, these 16bit ints will give "THIS IS BIG ENDIAN."
   On a little endian machine the characters will be exchanged pairwise. */
const cmakeint16 info_big[] =     {0x5448, 0x4953, 0x2049, 0x5320, 0x4249, 0x4720, 0x454e, 0x4449, 0x414e, 0x2e2e, 0x0000};

#ifdef __CLASSIC_C__
int main(argc, argv) int argc; char *argv[];
#else
int main(int argc, char *argv[])
#endif
{
  int require = 0;
  require += info_little[argc];
  require += info_big[argc];
  (void)argv;
  return require;
}


Determining if the include file cpuid.h exists failed with the following output:
Change Dir: /home/rifto/bee/CMakeFiles/CMakeTmp

Run Build Command:"/usr/bin/make" "cmTryCompileExec3708259594/fast"
/usr/bin/make -f CMakeFiles/cmTryCompileExec3708259594.dir/build.make CMakeFiles/cmTryCompileExec3708259594.dir/build
make[1]: Entering directory '/home/rifto/bee/CMakeFiles/CMakeTmp'
/usr/bin/cmake -E cmake_progress_report /home/rifto/bee/CMakeFiles/CMakeTmp/CMakeFiles 1
Building C object CMakeFiles/cmTryCompileExec3708259594.dir/CheckIncludeFile.c.o
/usr/bin/cc   -fno-omit-frame-pointer -fno-stack-protector -fexceptions -funwind-tables -fopenmp    -o CMakeFiles/cmTryCompileExec3708259594.dir/CheckIncludeFile.c.o   -c /home/rifto/bee/CMakeFiles/CMakeTmp/CheckIncludeFile.c
/home/rifto/bee/CMakeFiles/CMakeTmp/CheckIncludeFile.c:1:19: fatal error: cpuid.h: No such file or directory
 #include <cpuid.h>
                   ^
compilation terminated.
CMakeFiles/cmTryCompileExec3708259594.dir/build.make:57: recipe for target 'CMakeFiles/cmTryCompileExec3708259594.dir/CheckIncludeFile.c.o' failed
make[1]: Leaving directory '/home/rifto/bee/CMakeFiles/CMakeTmp'
make[1]: *** [CMakeFiles/cmTryCompileExec3708259594.dir/CheckIncludeFile.c.o] Error 1
Makefile:118: recipe for target 'cmTryCompileExec3708259594/fast' failed
make: *** [cmTryCompileExec3708259594/fast] Error 2


Determining if the pthread_yield exist failed with the following output:
Change Dir: /home/rifto/bee/CMakeFiles/CMakeTmp

Run Build Command:"/usr/bin/make" "cmTryCompileExec1053008740/fast"
/usr/bin/make -f CMakeFiles/cmTryCompileExec1053008740.dir/build.make CMakeFiles/cmTryCompileExec1053008740.dir/build
make[1]: Entering directory '/home/rifto/bee/CMakeFiles/CMakeTmp'
/usr/bin/cmake -E cmake_progress_report /home/rifto/bee/CMakeFiles/CMakeTmp/CMakeFiles 1
Building C object CMakeFiles/cmTryCompileExec1053008740.dir/CheckSymbolExists.c.o
/usr/bin/cc   -fno-omit-frame-pointer -fno-stack-protector -fexceptions -funwind-tables -fopenmp    -o CMakeFiles/cmTryCompileExec1053008740.dir/CheckSymbolExists.c.o   -c /home/rifto/bee/CMakeFiles/CMakeTmp/CheckSymbolExists.c
/home/rifto/bee/CMakeFiles/CMakeTmp/CheckSymbolExists.c: In function 'main':
/home/rifto/bee/CMakeFiles/CMakeTmp/CheckSymbolExists.c:8:19: error: 'pthread_yield' undeclared (first use in this function)
   return ((int*)(&pthread_yield))[argc];
                   ^
/home/rifto/bee/CMakeFiles/CMakeTmp/CheckSymbolExists.c:8:19: note: each undeclared identifier is reported only once for each function it appears in
CMakeFiles/cmTryCompileExec1053008740.dir/build.make:57: recipe for target 'CMakeFiles/cmTryCompileExec1053008740.dir/CheckSymbolExists.c.o' failed
make[1]: Leaving directory '/home/rifto/bee/CMakeFiles/CMakeTmp'
make[1]: *** [CMakeFiles/cmTryCompileExec1053008740.dir/CheckSymbolExists.c.o] Error 1
Makefile:118: recipe for target 'cmTryCompileExec1053008740/fast' failed
make: *** [cmTryCompileExec1053008740/fast] Error 2

File /home/rifto/bee/CMakeFiles/CMakeTmp/CheckSymbolExists.c:
/* */
#include <pthread.h>

int main(int argc, char** argv)
{
  (void)argv;
#ifndef pthread_yield
  return ((int*)(&pthread_yield))[argc];
#else
  (void)argc;
  return 0;
#endif
}

Determining if the function funopen exists failed with the following output:
Change Dir: /home/rifto/bee/CMakeFiles/CMakeTmp

Run Build Command:"/usr/bin/make" "cmTryCompileExec836038284/fast"
/usr/bin/make -f CMakeFiles/cmTryCompileExec836038284.dir/build.make CMakeFiles/cmTryCompileExec836038284.dir/build
make[1]: Entering directory '/home/rifto/bee/CMakeFiles/CMakeTmp'
/usr/bin/cmake -E cmake_progress_report /home/rifto/bee/CMakeFiles/CMakeTmp/CMakeFiles 1
Building C object CMakeFiles/cmTryCompileExec836038284.dir/CheckFunctionExists.c.o
/usr/bin/cc   -fno-omit-frame-pointer -fno-stack-protector -fexceptions -funwind-tables -fopenmp -DCHECK_FUNCTION_EXISTS=funopen   -o CMakeFiles/cmTryCompileExec836038284.dir/CheckFunctionExists.c.o   -c /usr/share/cmake-3.0/Modules/CheckFunctionExists.c
Linking C executable cmTryCompileExec836038284
/usr/bin/cmake -E cmake_link_script CMakeFiles/cmTryCompileExec836038284.dir/link.txt --verbose=1
/usr/bin/cc   -fno-omit-frame-pointer -fno-stack-protector -fexceptions -funwind-tables -fopenmp -DCHECK_FUNCTION_EXISTS=funopen    CMakeFiles/cmTryCompileExec836038284.dir/CheckFunctionExists.c.o  -o cmTryCompileExec836038284 -rdynamic 
CMakeFiles/cmTryCompileExec836038284.dir/CheckFunctionExists.c.o: In function `main':
CheckFunctionExists.c:(.text+0xa): undefined reference to `funopen'
collect2: error: ld returned 1 exit status
CMakeFiles/cmTryCompileExec836038284.dir/build.make:88: recipe for target 'cmTryCompileExec836038284' failed
make[1]: *** [cmTryCompileExec836038284] Error 1
make[1]: Leaving directory '/home/rifto/bee/CMakeFiles/CMakeTmp'
Makefile:118: recipe for target 'cmTryCompileExec836038284/fast' failed
make: *** [cmTryCompileExec836038284/fast] Error 2


Determining if the function uuidgen exists failed with the following output:
Change Dir: /home/rifto/bee/CMakeFiles/CMakeTmp

Run Build Command:"/usr/bin/make" "cmTryCompileExec3334195508/fast"
/usr/bin/make -f CMakeFiles/cmTryCompileExec3334195508.dir/build.make CMakeFiles/cmTryCompileExec3334195508.dir/build
make[1]: Entering directory '/home/rifto/bee/CMakeFiles/CMakeTmp'
/usr/bin/cmake -E cmake_progress_report /home/rifto/bee/CMakeFiles/CMakeTmp/CMakeFiles 1
Building C object CMakeFiles/cmTryCompileExec3334195508.dir/CheckFunctionExists.c.o
/usr/bin/cc   -fno-omit-frame-pointer -fno-stack-protector -fexceptions -funwind-tables -fopenmp -DCHECK_FUNCTION_EXISTS=uuidgen   -o CMakeFiles/cmTryCompileExec3334195508.dir/CheckFunctionExists.c.o   -c /usr/share/cmake-3.0/Modules/CheckFunctionExists.c
Linking C executable cmTryCompileExec3334195508
/usr/bin/cmake -E cmake_link_script CMakeFiles/cmTryCompileExec3334195508.dir/link.txt --verbose=1
/usr/bin/cc   -fno-omit-frame-pointer -fno-stack-protector -fexceptions -funwind-tables -fopenmp -DCHECK_FUNCTION_EXISTS=uuidgen    CMakeFiles/cmTryCompileExec3334195508.dir/CheckFunctionExists.c.o  -o cmTryCompileExec3334195508 -rdynamic 
CMakeFiles/cmTryCompileExec3334195508.dir/CheckFunctionExists.c.o: In function `main':
CheckFunctionExists.c:(.text+0xa): undefined reference to `uuidgen'
collect2: error: ld returned 1 exit status
CMakeFiles/cmTryCompileExec3334195508.dir/build.make:88: recipe for target 'cmTryCompileExec3334195508' failed
make[1]: Leaving directory '/home/rifto/bee/CMakeFiles/CMakeTmp'
make[1]: *** [cmTryCompileExec3334195508] Error 1
Makefile:118: recipe for target 'cmTryCompileExec3334195508/fast' failed
make: *** [cmTryCompileExec3334195508/fast] Error 2


Performing C SOURCE FILE Test HAVE_STRUCT_STAT_ST_MTIMENSEC failed with the following output:
Change Dir: /home/rifto/bee/CMakeFiles/CMakeTmp

Run Build Command:"/usr/bin/make" "cmTryCompileExec3102841686/fast"
/usr/bin/make -f CMakeFiles/cmTryCompileExec3102841686.dir/build.make CMakeFiles/cmTryCompileExec3102841686.dir/build
make[1]: Entering directory '/home/rifto/bee/CMakeFiles/CMakeTmp'
/usr/bin/cmake -E cmake_progress_report /home/rifto/bee/CMakeFiles/CMakeTmp/CMakeFiles 1
Building C object CMakeFiles/cmTryCompileExec3102841686.dir/src.c.o
/usr/bin/cc   -fno-omit-frame-pointer -fno-stack-protector -fexceptions -funwind-tables -fopenmp -DHAVE_STRUCT_STAT_ST_MTIMENSEC   -o CMakeFiles/cmTryCompileExec3102841686.dir/src.c.o   -c /home/rifto/bee/CMakeFiles/CMakeTmp/src.c
/home/rifto/bee/CMakeFiles/CMakeTmp/src.c: In function 'main':
/home/rifto/bee/CMakeFiles/CMakeTmp/src.c:7:7: error: 'struct stat' has no member named 'st_mtimensec'
    tmp->st_mtimensec;
       ^
CMakeFiles/cmTryCompileExec3102841686.dir/build.make:57: recipe for target 'CMakeFiles/cmTryCompileExec3102841686.dir/src.c.o' failed
make[1]: Leaving directory '/home/rifto/bee/CMakeFiles/CMakeTmp'
make[1]: *** [CMakeFiles/cmTryCompileExec3102841686.dir/src.c.o] Error 1
Makefile:118: recipe for target 'cmTryCompileExec3102841686/fast' failed
make: *** [cmTryCompileExec3102841686/fast] Error 2

Source file was:

#include <sys/stat.h>

int main()
{
   struct stat* tmp;
   tmp->st_mtimensec;
   return 0;
}

